<?xml version="1.0" encoding="UTF-8"?>
<!-- Generated by org.testng.reporters.JUnitReportReporter -->
<testsuite skipped="0" hostname="BOLD-ARUNA" name="com.arun.tests.TestList" tests="1" failures="0" timestamp="2022-02-20T03:56:26 IST" time="23.233" errors="0">
  <testcase name="testListScroll" time="23.233" classname="com.arun.tests.TestList"/>
  <system-out/>
</testsuite> <!-- com.arun.tests.TestList -->
