<?xml version="1.0" encoding="UTF-8"?>
<!-- Generated by org.testng.reporters.JUnitReportReporter -->
<testsuite skipped="0" hostname="BOLD-ARUNA" name="com.arun.tests.TestMobileWeb" tests="1" failures="0" timestamp="2022-02-20T05:16:17 IST" time="10.012" errors="0">
  <testcase name="testWebAutomation" time="10.012" classname="com.arun.tests.TestMobileWeb"/>
  <system-out/>
</testsuite> <!-- com.arun.tests.TestMobileWeb -->
