<?xml version="1.0" encoding="UTF-8"?>
<!-- Generated by org.testng.reporters.JUnitReportReporter -->
<testsuite skipped="0" hostname="BOLD-ARUNA" name="com.arun.tests.TestSession" tests="1" failures="0" timestamp="2022-02-18T21:29:21 IST" time="0.065" errors="0">
  <testcase name="test" time="0.065" classname="com.arun.tests.TestSession"/>
  <system-out/>
</testsuite> <!-- com.arun.tests.TestSession -->
