<?xml version="1.0" encoding="UTF-8"?>
<!-- Generated by org.testng.reporters.JUnitReportReporter -->
<testsuite skipped="0" hostname="BOLD-ARUNA" name="com.arun.tests.TestSession" tests="1" failures="0" timestamp="2022-02-19T01:07:06 IST" time="10.164" errors="0">
  <testcase name="test" time="10.164" classname="com.arun.tests.TestSession"/>
  <system-out/>
</testsuite> <!-- com.arun.tests.TestSession -->
