<?xml version="1.0" encoding="UTF-8"?>
<!-- Generated by org.testng.reporters.JUnitReportReporter -->
<testsuite skipped="0" hostname="BOLD-ARUNA" name="com.arun.tests.TestSession" tests="2" failures="0" timestamp="2022-02-20T02:32:32 IST" time="45.966" errors="0">
  <testcase name="testGoToLogin" time="23.125" classname="com.arun.tests.TestSession"/>
  <system-out/>
  <testcase name="testEchoBox" time="22.841" classname="com.arun.tests.TestSession"/>
  <system-out/>
</testsuite> <!-- com.arun.tests.TestSession -->
